# JRE version: OpenJDK Runtime Environment (21.0.8) (build 21.0.8+-14196175-b1038.72)
# Java VM: OpenJDK 64-Bit Server VM (21.0.8+-14196175-b1038.72, mixed mode, tiered, compressed oops, compressed class ptrs, serial gc, windows-amd64)
GC Precious Log:
 CardTable entry size: 512
 CPUs: 8 total, 8 available
 Memory: 7930M
 Large Page Support: Disabled
 NUMA Support: Disabled
 Compressed Oops: Enabled (32-bit)
 Heap Min Capacity: 8M
 Heap Initial Capacity: 124M
 Heap Max Capacity: 1536M
 Pre-touch: Disabled
Heap:
 def new generation   total 173632K, used 158515K [0x00000000a0000000, 0x00000000abc60000, 0x00000000c0000000)
  eden space 154368K,  90% used [0x00000000a0000000, 0x00000000a87fcc70, 0x00000000a96c0000)
  from space 19264K, 100% used [0x00000000aa990000, 0x00000000abc60000, 0x00000000abc60000)
  to   space 19264K,   0% used [0x00000000a96c0000, 0x00000000a96c0000, 0x00000000aa990000)
 tenured generation   total 385240K, used 270308K [0x00000000c0000000, 0x00000000d7836000, 0x0000000100000000)
   the space 385240K,  70% used [0x00000000c0000000, 0x00000000d07f9348, 0x00000000d07f9400, 0x00000000d7836000)
 Metaspace       used 140032K, committed 142656K, reserved 344064K
  class space    used 19619K, committed 20800K, reserved 212992K
GC Heap History (20 events):
Event: 58.865 GC heap before
{Heap before GC invocations=53 (full 5):
 def new generation   total 102656K, used 102655K [0x00000000a0000000, 0x00000000a6f60000, 0x00000000c0000000)
  eden space 91264K, 100% used [0x00000000a0000000, 0x00000000a5920000, 0x00000000a5920000)
  from space 11392K,  99% used [0x00000000a5920000, 0x00000000a643fff8, 0x00000000a6440000)
  to   space 11392K,   0% used [0x00000000a6440000, 0x00000000a6440000, 0x00000000a6f60000)
 tenured generation   total 227512K, used 201009K [0x00000000c0000000, 0x00000000cde2e000, 0x0000000100000000)
   the space 227512K,  88% used [0x00000000c0000000, 0x00000000cc44c790, 0x00000000cc44c800, 0x00000000cde2e000)
 Metaspace       used 125979K, committed 128384K, reserved 344064K
  class space    used 17799K, committed 18944K, reserved 212992K
}
Event: 58.895 GC heap after
{Heap after GC invocations=54 (full 5):
 def new generation   total 102656K, used 4599K [0x00000000a0000000, 0x00000000a6f60000, 0x00000000c0000000)
  eden space 91264K,   0% used [0x00000000a0000000, 0x00000000a0000000, 0x00000000a5920000)
  from space 11392K,  40% used [0x00000000a6440000, 0x00000000a68bdc58, 0x00000000a6f60000)
  to   space 11392K,   0% used [0x00000000a5920000, 0x00000000a5920000, 0x00000000a6440000)
 tenured generation   total 227512K, used 212383K [0x00000000c0000000, 0x00000000cde2e000, 0x0000000100000000)
   the space 227512K,  93% used [0x00000000c0000000, 0x00000000ccf67ed0, 0x00000000ccf68000, 0x00000000cde2e000)
 Metaspace       used 125979K, committed 128384K, reserved 344064K
  class space    used 17799K, committed 18944K, reserved 212992K
}
Event: 59.453 GC heap before
{Heap before GC invocations=54 (full 5):
 def new generation   total 102656K, used 95863K [0x00000000a0000000, 0x00000000a6f60000, 0x00000000c0000000)
  eden space 91264K, 100% used [0x00000000a0000000, 0x00000000a5920000, 0x00000000a5920000)
  from space 11392K,  40% used [0x00000000a6440000, 0x00000000a68bdc58, 0x00000000a6f60000)
  to   space 11392K,   0% used [0x00000000a5920000, 0x00000000a5920000, 0x00000000a6440000)
 tenured generation   total 227512K, used 212383K [0x00000000c0000000, 0x00000000cde2e000, 0x0000000100000000)
   the space 227512K,  93% used [0x00000000c0000000, 0x00000000ccf67ed0, 0x00000000ccf68000, 0x00000000cde2e000)
 Metaspace       used 126016K, committed 128448K, reserved 344064K
  class space    used 17804K, committed 18944K, reserved 212992K
}
Event: 59.465 GC heap after
{Heap after GC invocations=55 (full 5):
 def new generation   total 102656K, used 10913K [0x00000000a0000000, 0x00000000a6f60000, 0x00000000c0000000)
  eden space 91264K,   0% used [0x00000000a0000000, 0x00000000a0000000, 0x00000000a5920000)
  from space 11392K,  95% used [0x00000000a5920000, 0x00000000a63c85e8, 0x00000000a6440000)
  to   space 11392K,   0% used [0x00000000a6440000, 0x00000000a6440000, 0x00000000a6f60000)
 tenured generation   total 227512K, used 212383K [0x00000000c0000000, 0x00000000cde2e000, 0x0000000100000000)
   the space 227512K,  93% used [0x00000000c0000000, 0x00000000ccf67ed0, 0x00000000ccf68000, 0x00000000cde2e000)
 Metaspace       used 126016K, committed 128448K, reserved 344064K
  class space    used 17804K, committed 18944K, reserved 212992K
}
Event: 60.761 GC heap before
{Heap before GC invocations=55 (full 5):
 def new generation   total 102656K, used 102177K [0x00000000a0000000, 0x00000000a6f60000, 0x00000000c0000000)
  eden space 91264K, 100% used [0x00000000a0000000, 0x00000000a5920000, 0x00000000a5920000)
  from space 11392K,  95% used [0x00000000a5920000, 0x00000000a63c85e8, 0x00000000a6440000)
  to   space 11392K,   0% used [0x00000000a6440000, 0x00000000a6440000, 0x00000000a6f60000)
 tenured generation   total 227512K, used 212383K [0x00000000c0000000, 0x00000000cde2e000, 0x0000000100000000)
   the space 227512K,  93% used [0x00000000c0000000, 0x00000000ccf67ed0, 0x00000000ccf68000, 0x00000000cde2e000)
 Metaspace       used 126191K, committed 128576K, reserved 344064K
  class space    used 17818K, committed 18944K, reserved 212992K
}
Event: 60.797 GC heap after
{Heap after GC invocations=56 (full 5):
 def new generation   total 102656K, used 11392K [0x00000000a0000000, 0x00000000a6f60000, 0x00000000c0000000)
  eden space 91264K,   0% used [0x00000000a0000000, 0x00000000a0000000, 0x00000000a5920000)
  from space 11392K, 100% used [0x00000000a6440000, 0x00000000a6f60000, 0x00000000a6f60000)
  to   space 11392K,   0% used [0x00000000a5920000, 0x00000000a5920000, 0x00000000a6440000)
 tenured generation   total 227512K, used 223980K [0x00000000c0000000, 0x00000000cde2e000, 0x0000000100000000)
   the space 227512K,  98% used [0x00000000c0000000, 0x00000000cdabb160, 0x00000000cdabb200, 0x00000000cde2e000)
 Metaspace       used 126191K, committed 128576K, reserved 344064K
  class space    used 17818K, committed 18944K, reserved 212992K
}
Event: 61.466 GC heap before
{Heap before GC invocations=56 (full 5):
 def new generation   total 102656K, used 102656K [0x00000000a0000000, 0x00000000a6f60000, 0x00000000c0000000)
  eden space 91264K, 100% used [0x00000000a0000000, 0x00000000a5920000, 0x00000000a5920000)
  from space 11392K, 100% used [0x00000000a6440000, 0x00000000a6f60000, 0x00000000a6f60000)
  to   space 11392K,   0% used [0x00000000a5920000, 0x00000000a5920000, 0x00000000a6440000)
 tenured generation   total 227512K, used 223980K [0x00000000c0000000, 0x00000000cde2e000, 0x0000000100000000)
   the space 227512K,  98% used [0x00000000c0000000, 0x00000000cdabb160, 0x00000000cdabb200, 0x00000000cde2e000)
 Metaspace       used 126564K, committed 128960K, reserved 344064K
  class space    used 17867K, committed 19008K, reserved 212992K
}
Event: 61.504 GC heap after
{Heap after GC invocations=57 (full 5):
 def new generation   total 102656K, used 9957K [0x00000000a0000000, 0x00000000a6f60000, 0x00000000c0000000)
  eden space 91264K,   0% used [0x00000000a0000000, 0x00000000a0000000, 0x00000000a5920000)
  from space 11392K,  87% used [0x00000000a5920000, 0x00000000a62d94d8, 0x00000000a6440000)
  to   space 11392K,   0% used [0x00000000a6440000, 0x00000000a6440000, 0x00000000a6f60000)
 tenured generation   total 234828K, used 234645K [0x00000000c0000000, 0x00000000ce553000, 0x0000000100000000)
   the space 234828K,  99% used [0x00000000c0000000, 0x00000000ce525730, 0x00000000ce525800, 0x00000000ce553000)
 Metaspace       used 126564K, committed 128960K, reserved 344064K
  class space    used 17867K, committed 19008K, reserved 212992K
}
Event: 61.504 GC heap before
{Heap before GC invocations=57 (full 5):
 def new generation   total 102656K, used 9957K [0x00000000a0000000, 0x00000000a6f60000, 0x00000000c0000000)
  eden space 91264K,   0% used [0x00000000a0000000, 0x00000000a0000000, 0x00000000a5920000)
  from space 11392K,  87% used [0x00000000a5920000, 0x00000000a62d94d8, 0x00000000a6440000)
  to   space 11392K,   0% used [0x00000000a6440000, 0x00000000a6440000, 0x00000000a6f60000)
 tenured generation   total 234828K, used 234645K [0x00000000c0000000, 0x00000000ce553000, 0x0000000100000000)
   the space 234828K,  99% used [0x00000000c0000000, 0x00000000ce525730, 0x00000000ce525800, 0x00000000ce553000)
 Metaspace       used 126564K, committed 128960K, reserved 344064K
  class space    used 17867K, committed 19008K, reserved 212992K
}
Event: 61.944 GC heap after
{Heap after GC invocations=57 (full 6):
 def new generation   total 173632K, used 0K [0x00000000a0000000, 0x00000000abc60000, 0x00000000c0000000)
  eden space 154368K,   0% used [0x00000000a0000000, 0x00000000a0000000, 0x00000000a96c0000)
  from space 19264K,   0% used [0x00000000a96c0000, 0x00000000a96c0000, 0x00000000aa990000)
  to   space 19264K,   0% used [0x00000000aa990000, 0x00000000aa990000, 0x00000000abc60000)
 tenured generation   total 385240K, used 231143K [0x00000000c0000000, 0x00000000d7836000, 0x0000000100000000)
   the space 385240K,  59% used [0x00000000c0000000, 0x00000000ce1b9f90, 0x00000000ce1ba000, 0x00000000d7836000)
 Metaspace       used 126564K, committed 128960K, reserved 344064K
  class space    used 17867K, committed 19008K, reserved 212992K
}
Event: 68.686 GC heap before
{Heap before GC invocations=57 (full 6):
 def new generation   total 173632K, used 154368K [0x00000000a0000000, 0x00000000abc60000, 0x00000000c0000000)
  eden space 154368K, 100% used [0x00000000a0000000, 0x00000000a96c0000, 0x00000000a96c0000)
  from space 19264K,   0% used [0x00000000a96c0000, 0x00000000a96c0000, 0x00000000aa990000)
  to   space 19264K,   0% used [0x00000000aa990000, 0x00000000aa990000, 0x00000000abc60000)
 tenured generation   total 385240K, used 231143K [0x00000000c0000000, 0x00000000d7836000, 0x0000000100000000)
   the space 385240K,  59% used [0x00000000c0000000, 0x00000000ce1b9f90, 0x00000000ce1ba000, 0x00000000d7836000)
 Metaspace       used 126896K, committed 129344K, reserved 344064K
  class space    used 17906K, committed 19072K, reserved 212992K
}
Event: 68.715 GC heap after
{Heap after GC invocations=58 (full 6):
 def new generation   total 173632K, used 12718K [0x00000000a0000000, 0x00000000abc60000, 0x00000000c0000000)
  eden space 154368K,   0% used [0x00000000a0000000, 0x00000000a0000000, 0x00000000a96c0000)
  from space 19264K,  66% used [0x00000000aa990000, 0x00000000ab5fb800, 0x00000000abc60000)
  to   space 19264K,   0% used [0x00000000a96c0000, 0x00000000a96c0000, 0x00000000aa990000)
 tenured generation   total 385240K, used 231143K [0x00000000c0000000, 0x00000000d7836000, 0x0000000100000000)
   the space 385240K,  59% used [0x00000000c0000000, 0x00000000ce1b9f90, 0x00000000ce1ba000, 0x00000000d7836000)
 Metaspace       used 126896K, committed 129344K, reserved 344064K
  class space    used 17906K, committed 19072K, reserved 212992K
}
Event: 69.644 GC heap before
{Heap before GC invocations=58 (full 6):
 def new generation   total 173632K, used 167086K [0x00000000a0000000, 0x00000000abc60000, 0x00000000c0000000)
  eden space 154368K, 100% used [0x00000000a0000000, 0x00000000a96c0000, 0x00000000a96c0000)
  from space 19264K,  66% used [0x00000000aa990000, 0x00000000ab5fb800, 0x00000000abc60000)
  to   space 19264K,   0% used [0x00000000a96c0000, 0x00000000a96c0000, 0x00000000aa990000)
 tenured generation   total 385240K, used 231143K [0x00000000c0000000, 0x00000000d7836000, 0x0000000100000000)
   the space 385240K,  59% used [0x00000000c0000000, 0x00000000ce1b9f90, 0x00000000ce1ba000, 0x00000000d7836000)
 Metaspace       used 127115K, committed 129536K, reserved 344064K
  class space    used 17935K, committed 19072K, reserved 212992K
}
Event: 69.691 GC heap after
{Heap after GC invocations=59 (full 6):
 def new generation   total 173632K, used 13388K [0x00000000a0000000, 0x00000000abc60000, 0x00000000c0000000)
  eden space 154368K,   0% used [0x00000000a0000000, 0x00000000a0000000, 0x00000000a96c0000)
  from space 19264K,  69% used [0x00000000a96c0000, 0x00000000aa3d32a8, 0x00000000aa990000)
  to   space 19264K,   0% used [0x00000000aa990000, 0x00000000aa990000, 0x00000000abc60000)
 tenured generation   total 385240K, used 240845K [0x00000000c0000000, 0x00000000d7836000, 0x0000000100000000)
   the space 385240K,  62% used [0x00000000c0000000, 0x00000000ceb337d8, 0x00000000ceb33800, 0x00000000d7836000)
 Metaspace       used 127115K, committed 129536K, reserved 344064K
  class space    used 17935K, committed 19072K, reserved 212992K
}
Event: 71.214 GC heap before
{Heap before GC invocations=59 (full 6):
 def new generation   total 173632K, used 167756K [0x00000000a0000000, 0x00000000abc60000, 0x00000000c0000000)
  eden space 154368K, 100% used [0x00000000a0000000, 0x00000000a96c0000, 0x00000000a96c0000)
  from space 19264K,  69% used [0x00000000a96c0000, 0x00000000aa3d32a8, 0x00000000aa990000)
  to   space 19264K,   0% used [0x00000000aa990000, 0x00000000aa990000, 0x00000000abc60000)
 tenured generation   total 385240K, used 240845K [0x00000000c0000000, 0x00000000d7836000, 0x0000000100000000)
   the space 385240K,  62% used [0x00000000c0000000, 0x00000000ceb337d8, 0x00000000ceb33800, 0x00000000d7836000)
 Metaspace       used 127326K, committed 129792K, reserved 344064K
  class space    used 17960K, committed 19136K, reserved 212992K
}
Event: 71.255 GC heap after
{Heap after GC invocations=60 (full 6):
 def new generation   total 173632K, used 9552K [0x00000000a0000000, 0x00000000abc60000, 0x00000000c0000000)
  eden space 154368K,   0% used [0x00000000a0000000, 0x00000000a0000000, 0x00000000a96c0000)
  from space 19264K,  49% used [0x00000000aa990000, 0x00000000ab2e4318, 0x00000000abc60000)
  to   space 19264K,   0% used [0x00000000a96c0000, 0x00000000a96c0000, 0x00000000aa990000)
 tenured generation   total 385240K, used 251548K [0x00000000c0000000, 0x00000000d7836000, 0x0000000100000000)
   the space 385240K,  65% used [0x00000000c0000000, 0x00000000cf5a7338, 0x00000000cf5a7400, 0x00000000d7836000)
 Metaspace       used 127326K, committed 129792K, reserved 344064K
  class space    used 17960K, committed 19136K, reserved 212992K
}
Event: 72.703 GC heap before
{Heap before GC invocations=60 (full 6):
 def new generation   total 173632K, used 163920K [0x00000000a0000000, 0x00000000abc60000, 0x00000000c0000000)
  eden space 154368K, 100% used [0x00000000a0000000, 0x00000000a96c0000, 0x00000000a96c0000)
  from space 19264K,  49% used [0x00000000aa990000, 0x00000000ab2e4318, 0x00000000abc60000)
  to   space 19264K,   0% used [0x00000000a96c0000, 0x00000000a96c0000, 0x00000000aa990000)
 tenured generation   total 385240K, used 251548K [0x00000000c0000000, 0x00000000d7836000, 0x0000000100000000)
   the space 385240K,  65% used [0x00000000c0000000, 0x00000000cf5a7338, 0x00000000cf5a7400, 0x00000000d7836000)
 Metaspace       used 127838K, committed 130432K, reserved 344064K
  class space    used 18020K, committed 19200K, reserved 212992K
}
Event: 72.755 GC heap after
{Heap after GC invocations=61 (full 6):
 def new generation   total 173632K, used 18626K [0x00000000a0000000, 0x00000000abc60000, 0x00000000c0000000)
  eden space 154368K,   0% used [0x00000000a0000000, 0x00000000a0000000, 0x00000000a96c0000)
  from space 19264K,  96% used [0x00000000a96c0000, 0x00000000aa8f0b28, 0x00000000aa990000)
  to   space 19264K,   0% used [0x00000000aa990000, 0x00000000aa990000, 0x00000000abc60000)
 tenured generation   total 385240K, used 251548K [0x00000000c0000000, 0x00000000d7836000, 0x0000000100000000)
   the space 385240K,  65% used [0x00000000c0000000, 0x00000000cf5a7338, 0x00000000cf5a7400, 0x00000000d7836000)
 Metaspace       used 127838K, committed 130432K, reserved 344064K
  class space    used 18020K, committed 19200K, reserved 212992K
}
Event: 75.260 GC heap before
{Heap before GC invocations=61 (full 6):
 def new generation   total 173632K, used 172994K [0x00000000a0000000, 0x00000000abc60000, 0x00000000c0000000)
  eden space 154368K, 100% used [0x00000000a0000000, 0x00000000a96c0000, 0x00000000a96c0000)
  from space 19264K,  96% used [0x00000000a96c0000, 0x00000000aa8f0b28, 0x00000000aa990000)
  to   space 19264K,   0% used [0x00000000aa990000, 0x00000000aa990000, 0x00000000abc60000)
 tenured generation   total 385240K, used 251548K [0x00000000c0000000, 0x00000000d7836000, 0x0000000100000000)
   the space 385240K,  65% used [0x00000000c0000000, 0x00000000cf5a7338, 0x00000000cf5a7400, 0x00000000d7836000)
 Metaspace       used 137594K, committed 140160K, reserved 344064K
  class space    used 19301K, committed 20480K, reserved 212992K
}
Event: 75.384 GC heap after
{Heap after GC invocations=62 (full 6):
 def new generation   total 173632K, used 19264K [0x00000000a0000000, 0x00000000abc60000, 0x00000000c0000000)
  eden space 154368K,   0% used [0x00000000a0000000, 0x00000000a0000000, 0x00000000a96c0000)
  from space 19264K, 100% used [0x00000000aa990000, 0x00000000abc60000, 0x00000000abc60000)
  to   space 19264K,   0% used [0x00000000a96c0000, 0x00000000a96c0000, 0x00000000aa990000)
 tenured generation   total 385240K, used 270308K [0x00000000c0000000, 0x00000000d7836000, 0x0000000100000000)
   the space 385240K,  70% used [0x00000000c0000000, 0x00000000d07f9348, 0x00000000d07f9400, 0x00000000d7836000)
 Metaspace       used 137594K, committed 140160K, reserved 344064K
  class space    used 19301K, committed 20480K, reserved 212992K
}

