# JRE version: OpenJDK Runtime Environment (21.0.8) (build 21.0.8+-14196175-b1038.72)
# Java VM: OpenJDK 64-Bit Server VM (21.0.8+-14196175-b1038.72, mixed mode, tiered, compressed oops, compressed class ptrs, serial gc, windows-amd64)
GC Precious Log:
 CardTable entry size: 512
 CPUs: 8 total, 8 available
 Memory: 7930M
 Large Page Support: Disabled
 NUMA Support: Disabled
 Compressed Oops: Enabled (Zero based)
 Heap Min Capacity: 8M
 Heap Initial Capacity: 124M
 Heap Max Capacity: 4G
 Pre-touch: Disabled
Heap:
 def new generation   total 167616K, used 71648K [0x0000000700000000, 0x000000070b5d0000, 0x0000000755550000)
  eden space 149056K,  36% used [0x0000000700000000, 0x00000007034a3a30, 0x0000000709190000)
  from space 18560K,  95% used [0x000000070a3b0000, 0x000000070b5047c0, 0x000000070b5d0000)
  to   space 18560K,   0% used [0x0000000709190000, 0x0000000709190000, 0x000000070a3b0000)
 tenured generation   total 371828K, used 290338K [0x0000000755550000, 0x000000076c06d000, 0x0000000800000000)
   the space 371828K,  78% used [0x0000000755550000, 0x00000007670d8928, 0x00000007670d8a00, 0x000000076c06d000)
 Metaspace       used 140268K, committed 142976K, reserved 557056K
  class space    used 19644K, committed 20864K, reserved 425984K
GC Heap History (20 events):
Event: 62.029 GC heap before
{Heap before GC invocations=55 (full 5):
 def new generation   total 103296K, used 96024K [0x0000000700000000, 0x0000000707010000, 0x0000000755550000)
  eden space 91840K, 100% used [0x0000000700000000, 0x00000007059b0000, 0x00000007059b0000)
  from space 11456K,  36% used [0x00000007064e0000, 0x00000007068f6350, 0x0000000707010000)
  to   space 11456K,   0% used [0x00000007059b0000, 0x00000007059b0000, 0x00000007064e0000)
 tenured generation   total 228980K, used 212616K [0x0000000755550000, 0x00000007634ed000, 0x0000000800000000)
   the space 228980K,  92% used [0x0000000755550000, 0x00000007624f2378, 0x00000007624f2400, 0x00000007634ed000)
 Metaspace       used 126123K, committed 128704K, reserved 557056K
  class space    used 17819K, committed 19072K, reserved 425984K
}
Event: 62.053 GC heap after
{Heap after GC invocations=56 (full 5):
 def new generation   total 103296K, used 11456K [0x0000000700000000, 0x0000000707010000, 0x0000000755550000)
  eden space 91840K,   0% used [0x0000000700000000, 0x0000000700000000, 0x00000007059b0000)
  from space 11456K, 100% used [0x00000007059b0000, 0x00000007064e0000, 0x00000007064e0000)
  to   space 11456K,   0% used [0x00000007064e0000, 0x00000007064e0000, 0x0000000707010000)
 tenured generation   total 228980K, used 218475K [0x0000000755550000, 0x00000007634ed000, 0x0000000800000000)
   the space 228980K,  95% used [0x0000000755550000, 0x0000000762aaac10, 0x0000000762aaae00, 0x00000007634ed000)
 Metaspace       used 126123K, committed 128704K, reserved 557056K
  class space    used 17819K, committed 19072K, reserved 425984K
}
Event: 62.951 GC heap before
{Heap before GC invocations=56 (full 5):
 def new generation   total 103296K, used 103296K [0x0000000700000000, 0x0000000707010000, 0x0000000755550000)
  eden space 91840K, 100% used [0x0000000700000000, 0x00000007059b0000, 0x00000007059b0000)
  from space 11456K, 100% used [0x00000007059b0000, 0x00000007064e0000, 0x00000007064e0000)
  to   space 11456K,   0% used [0x00000007064e0000, 0x00000007064e0000, 0x0000000707010000)
 tenured generation   total 228980K, used 218475K [0x0000000755550000, 0x00000007634ed000, 0x0000000800000000)
   the space 228980K,  95% used [0x0000000755550000, 0x0000000762aaac10, 0x0000000762aaae00, 0x00000007634ed000)
 Metaspace       used 126124K, committed 128704K, reserved 557056K
  class space    used 17819K, committed 19072K, reserved 425984K
}
Event: 62.973 GC heap after
{Heap after GC invocations=57 (full 5):
 def new generation   total 103296K, used 5530K [0x0000000700000000, 0x0000000707010000, 0x0000000755550000)
  eden space 91840K,   0% used [0x0000000700000000, 0x0000000700000000, 0x00000007059b0000)
  from space 11456K,  48% used [0x00000007064e0000, 0x0000000706a46b60, 0x0000000707010000)
  to   space 11456K,   0% used [0x00000007059b0000, 0x00000007059b0000, 0x00000007064e0000)
 tenured generation   total 229940K, used 229925K [0x0000000755550000, 0x00000007635dd000, 0x0000000800000000)
   the space 229940K,  99% used [0x0000000755550000, 0x00000007635d9680, 0x00000007635d9800, 0x00000007635dd000)
 Metaspace       used 126124K, committed 128704K, reserved 557056K
  class space    used 17819K, committed 19072K, reserved 425984K
}
Event: 62.973 GC heap before
{Heap before GC invocations=57 (full 5):
 def new generation   total 103296K, used 5530K [0x0000000700000000, 0x0000000707010000, 0x0000000755550000)
  eden space 91840K,   0% used [0x0000000700000000, 0x0000000700000000, 0x00000007059b0000)
  from space 11456K,  48% used [0x00000007064e0000, 0x0000000706a46b60, 0x0000000707010000)
  to   space 11456K,   0% used [0x00000007059b0000, 0x00000007059b0000, 0x00000007064e0000)
 tenured generation   total 229940K, used 229925K [0x0000000755550000, 0x00000007635dd000, 0x0000000800000000)
   the space 229940K,  99% used [0x0000000755550000, 0x00000007635d9680, 0x00000007635d9800, 0x00000007635dd000)
 Metaspace       used 126124K, committed 128704K, reserved 557056K
  class space    used 17819K, committed 19072K, reserved 425984K
}
Event: 63.411 GC heap after
{Heap after GC invocations=57 (full 6):
 def new generation   total 167616K, used 0K [0x0000000700000000, 0x000000070b5d0000, 0x0000000755550000)
  eden space 149056K,   0% used [0x0000000700000000, 0x0000000700000000, 0x0000000709190000)
  from space 18560K,   0% used [0x0000000709190000, 0x0000000709190000, 0x000000070a3b0000)
  to   space 18560K,   0% used [0x000000070a3b0000, 0x000000070a3b0000, 0x000000070b5d0000)
 tenured generation   total 371828K, used 223095K [0x0000000755550000, 0x000000076c06d000, 0x0000000800000000)
   the space 371828K,  59% used [0x0000000755550000, 0x0000000762f2de88, 0x0000000762f2e000, 0x000000076c06d000)
 Metaspace       used 126124K, committed 128704K, reserved 557056K
  class space    used 17819K, committed 19072K, reserved 425984K
}
Event: 64.489 GC heap before
{Heap before GC invocations=57 (full 6):
 def new generation   total 167616K, used 149056K [0x0000000700000000, 0x000000070b5d0000, 0x0000000755550000)
  eden space 149056K, 100% used [0x0000000700000000, 0x0000000709190000, 0x0000000709190000)
  from space 18560K,   0% used [0x0000000709190000, 0x0000000709190000, 0x000000070a3b0000)
  to   space 18560K,   0% used [0x000000070a3b0000, 0x000000070a3b0000, 0x000000070b5d0000)
 tenured generation   total 371828K, used 223095K [0x0000000755550000, 0x000000076c06d000, 0x0000000800000000)
   the space 371828K,  59% used [0x0000000755550000, 0x0000000762f2de88, 0x0000000762f2e000, 0x000000076c06d000)
 Metaspace       used 126528K, committed 129152K, reserved 557056K
  class space    used 17870K, committed 19136K, reserved 425984K
}
Event: 64.520 GC heap after
{Heap after GC invocations=58 (full 6):
 def new generation   total 167616K, used 12768K [0x0000000700000000, 0x000000070b5d0000, 0x0000000755550000)
  eden space 149056K,   0% used [0x0000000700000000, 0x0000000700000000, 0x0000000709190000)
  from space 18560K,  68% used [0x000000070a3b0000, 0x000000070b0281d0, 0x000000070b5d0000)
  to   space 18560K,   0% used [0x0000000709190000, 0x0000000709190000, 0x000000070a3b0000)
 tenured generation   total 371828K, used 223095K [0x0000000755550000, 0x000000076c06d000, 0x0000000800000000)
   the space 371828K,  59% used [0x0000000755550000, 0x0000000762f2de88, 0x0000000762f2e000, 0x000000076c06d000)
 Metaspace       used 126528K, committed 129152K, reserved 557056K
  class space    used 17870K, committed 19136K, reserved 425984K
}
Event: 65.747 GC heap before
{Heap before GC invocations=58 (full 6):
 def new generation   total 167616K, used 161824K [0x0000000700000000, 0x000000070b5d0000, 0x0000000755550000)
  eden space 149056K, 100% used [0x0000000700000000, 0x0000000709190000, 0x0000000709190000)
  from space 18560K,  68% used [0x000000070a3b0000, 0x000000070b0281d0, 0x000000070b5d0000)
  to   space 18560K,   0% used [0x0000000709190000, 0x0000000709190000, 0x000000070a3b0000)
 tenured generation   total 371828K, used 223095K [0x0000000755550000, 0x000000076c06d000, 0x0000000800000000)
   the space 371828K,  59% used [0x0000000755550000, 0x0000000762f2de88, 0x0000000762f2e000, 0x000000076c06d000)
 Metaspace       used 126837K, committed 129408K, reserved 557056K
  class space    used 17906K, committed 19136K, reserved 425984K
}
Event: 65.783 GC heap after
{Heap after GC invocations=59 (full 6):
 def new generation   total 167616K, used 10359K [0x0000000700000000, 0x000000070b5d0000, 0x0000000755550000)
  eden space 149056K,   0% used [0x0000000700000000, 0x0000000700000000, 0x0000000709190000)
  from space 18560K,  55% used [0x0000000709190000, 0x0000000709badf88, 0x000000070a3b0000)
  to   space 18560K,   0% used [0x000000070a3b0000, 0x000000070a3b0000, 0x000000070b5d0000)
 tenured generation   total 371828K, used 233388K [0x0000000755550000, 0x000000076c06d000, 0x0000000800000000)
   the space 371828K,  62% used [0x0000000755550000, 0x000000076393b380, 0x000000076393b400, 0x000000076c06d000)
 Metaspace       used 126837K, committed 129408K, reserved 557056K
  class space    used 17906K, committed 19136K, reserved 425984K
}
Event: 72.783 GC heap before
{Heap before GC invocations=59 (full 6):
 def new generation   total 167616K, used 159415K [0x0000000700000000, 0x000000070b5d0000, 0x0000000755550000)
  eden space 149056K, 100% used [0x0000000700000000, 0x0000000709190000, 0x0000000709190000)
  from space 18560K,  55% used [0x0000000709190000, 0x0000000709badf88, 0x000000070a3b0000)
  to   space 18560K,   0% used [0x000000070a3b0000, 0x000000070a3b0000, 0x000000070b5d0000)
 tenured generation   total 371828K, used 233388K [0x0000000755550000, 0x000000076c06d000, 0x0000000800000000)
   the space 371828K,  62% used [0x0000000755550000, 0x000000076393b380, 0x000000076393b400, 0x000000076c06d000)
 Metaspace       used 126949K, committed 129536K, reserved 557056K
  class space    used 17920K, committed 19136K, reserved 425984K
}
Event: 72.823 GC heap after
{Heap after GC invocations=60 (full 6):
 def new generation   total 167616K, used 8697K [0x0000000700000000, 0x000000070b5d0000, 0x0000000755550000)
  eden space 149056K,   0% used [0x0000000700000000, 0x0000000700000000, 0x0000000709190000)
  from space 18560K,  46% used [0x000000070a3b0000, 0x000000070ac2e780, 0x000000070b5d0000)
  to   space 18560K,   0% used [0x0000000709190000, 0x0000000709190000, 0x000000070a3b0000)
 tenured generation   total 371828K, used 240541K [0x0000000755550000, 0x000000076c06d000, 0x0000000800000000)
   the space 371828K,  64% used [0x0000000755550000, 0x0000000764037548, 0x0000000764037600, 0x000000076c06d000)
 Metaspace       used 126949K, committed 129536K, reserved 557056K
  class space    used 17920K, committed 19136K, reserved 425984K
}
Event: 74.436 GC heap before
{Heap before GC invocations=60 (full 6):
 def new generation   total 167616K, used 157753K [0x0000000700000000, 0x000000070b5d0000, 0x0000000755550000)
  eden space 149056K, 100% used [0x0000000700000000, 0x0000000709190000, 0x0000000709190000)
  from space 18560K,  46% used [0x000000070a3b0000, 0x000000070ac2e780, 0x000000070b5d0000)
  to   space 18560K,   0% used [0x0000000709190000, 0x0000000709190000, 0x000000070a3b0000)
 tenured generation   total 371828K, used 240541K [0x0000000755550000, 0x000000076c06d000, 0x0000000800000000)
   the space 371828K,  64% used [0x0000000755550000, 0x0000000764037548, 0x0000000764037600, 0x000000076c06d000)
 Metaspace       used 127246K, committed 129856K, reserved 557056K
  class space    used 17955K, committed 19200K, reserved 425984K
}
Event: 74.483 GC heap after
{Heap after GC invocations=61 (full 6):
 def new generation   total 167616K, used 18560K [0x0000000700000000, 0x000000070b5d0000, 0x0000000755550000)
  eden space 149056K,   0% used [0x0000000700000000, 0x0000000700000000, 0x0000000709190000)
  from space 18560K, 100% used [0x0000000709190000, 0x000000070a3b0000, 0x000000070a3b0000)
  to   space 18560K,   0% used [0x000000070a3b0000, 0x000000070a3b0000, 0x000000070b5d0000)
 tenured generation   total 371828K, used 241713K [0x0000000755550000, 0x000000076c06d000, 0x0000000800000000)
   the space 371828K,  65% used [0x0000000755550000, 0x000000076415c658, 0x000000076415c800, 0x000000076c06d000)
 Metaspace       used 127246K, committed 129856K, reserved 557056K
  class space    used 17955K, committed 19200K, reserved 425984K
}
Event: 75.726 GC heap before
{Heap before GC invocations=61 (full 6):
 def new generation   total 167616K, used 167616K [0x0000000700000000, 0x000000070b5d0000, 0x0000000755550000)
  eden space 149056K, 100% used [0x0000000700000000, 0x0000000709190000, 0x0000000709190000)
  from space 18560K, 100% used [0x0000000709190000, 0x000000070a3b0000, 0x000000070a3b0000)
  to   space 18560K,   0% used [0x000000070a3b0000, 0x000000070a3b0000, 0x000000070b5d0000)
 tenured generation   total 371828K, used 241713K [0x0000000755550000, 0x000000076c06d000, 0x0000000800000000)
   the space 371828K,  65% used [0x0000000755550000, 0x000000076415c658, 0x000000076415c800, 0x000000076c06d000)
 Metaspace       used 127529K, committed 130176K, reserved 557056K
  class space    used 17987K, committed 19264K, reserved 425984K
}
Event: 75.794 GC heap after
{Heap after GC invocations=62 (full 6):
 def new generation   total 167616K, used 11108K [0x0000000700000000, 0x000000070b5d0000, 0x0000000755550000)
  eden space 149056K,   0% used [0x0000000700000000, 0x0000000700000000, 0x0000000709190000)
  from space 18560K,  59% used [0x000000070a3b0000, 0x000000070ae89360, 0x000000070b5d0000)
  to   space 18560K,   0% used [0x0000000709190000, 0x0000000709190000, 0x000000070a3b0000)
 tenured generation   total 371828K, used 257171K [0x0000000755550000, 0x000000076c06d000, 0x0000000800000000)
   the space 371828K,  69% used [0x0000000755550000, 0x0000000765074d50, 0x0000000765074e00, 0x000000076c06d000)
 Metaspace       used 127529K, committed 130176K, reserved 557056K
  class space    used 17987K, committed 19264K, reserved 425984K
}
Event: 78.307 GC heap before
{Heap before GC invocations=62 (full 6):
 def new generation   total 167616K, used 160164K [0x0000000700000000, 0x000000070b5d0000, 0x0000000755550000)
  eden space 149056K, 100% used [0x0000000700000000, 0x0000000709190000, 0x0000000709190000)
  from space 18560K,  59% used [0x000000070a3b0000, 0x000000070ae89360, 0x000000070b5d0000)
  to   space 18560K,   0% used [0x0000000709190000, 0x0000000709190000, 0x000000070a3b0000)
 tenured generation   total 371828K, used 257171K [0x0000000755550000, 0x000000076c06d000, 0x0000000800000000)
   the space 371828K,  69% used [0x0000000755550000, 0x0000000765074d50, 0x0000000765074e00, 0x000000076c06d000)
 Metaspace       used 131442K, committed 134144K, reserved 557056K
  class space    used 18462K, committed 19712K, reserved 425984K
}
Event: 78.437 GC heap after
{Heap after GC invocations=63 (full 6):
 def new generation   total 167616K, used 18560K [0x0000000700000000, 0x000000070b5d0000, 0x0000000755550000)
  eden space 149056K,   0% used [0x0000000700000000, 0x0000000700000000, 0x0000000709190000)
  from space 18560K, 100% used [0x0000000709190000, 0x000000070a3b0000, 0x000000070a3b0000)
  to   space 18560K,   0% used [0x000000070a3b0000, 0x000000070a3b0000, 0x000000070b5d0000)
 tenured generation   total 371828K, used 271936K [0x0000000755550000, 0x000000076c06d000, 0x0000000800000000)
   the space 371828K,  73% used [0x0000000755550000, 0x0000000765ee0270, 0x0000000765ee0400, 0x000000076c06d000)
 Metaspace       used 131442K, committed 134144K, reserved 557056K
  class space    used 18462K, committed 19712K, reserved 425984K
}
Event: 80.487 GC heap before
{Heap before GC invocations=63 (full 6):
 def new generation   total 167616K, used 167616K [0x0000000700000000, 0x000000070b5d0000, 0x0000000755550000)
  eden space 149056K, 100% used [0x0000000700000000, 0x0000000709190000, 0x0000000709190000)
  from space 18560K, 100% used [0x0000000709190000, 0x000000070a3b0000, 0x000000070a3b0000)
  to   space 18560K,   0% used [0x000000070a3b0000, 0x000000070a3b0000, 0x000000070b5d0000)
 tenured generation   total 371828K, used 271936K [0x0000000755550000, 0x000000076c06d000, 0x0000000800000000)
   the space 371828K,  73% used [0x0000000755550000, 0x0000000765ee0270, 0x0000000765ee0400, 0x000000076c06d000)
 Metaspace       used 139606K, committed 142272K, reserved 557056K
  class space    used 19536K, committed 20736K, reserved 425984K
}
Event: 80.607 GC heap after
{Heap after GC invocations=64 (full 6):
 def new generation   total 167616K, used 17745K [0x0000000700000000, 0x000000070b5d0000, 0x0000000755550000)
  eden space 149056K,   0% used [0x0000000700000000, 0x0000000700000000, 0x0000000709190000)
  from space 18560K,  95% used [0x000000070a3b0000, 0x000000070b5047c0, 0x000000070b5d0000)
  to   space 18560K,   0% used [0x0000000709190000, 0x0000000709190000, 0x000000070a3b0000)
 tenured generation   total 371828K, used 290338K [0x0000000755550000, 0x000000076c06d000, 0x0000000800000000)
   the space 371828K,  78% used [0x0000000755550000, 0x00000007670d8928, 0x00000007670d8a00, 0x000000076c06d000)
 Metaspace       used 139606K, committed 142272K, reserved 557056K
  class space    used 19536K, committed 20736K, reserved 425984K
}

